[INFO] Scanning for projects...
[INFO] 
[INFO] -----------------< com.example.batch:my-batch-project >-----------------
[INFO] Building my-batch-project 1.0-SNAPSHOT
[INFO] --------------------------------[ jar ]---------------------------------
[INFO] 
[INFO] >>> spring-boot-maven-plugin:3.2.12:run (default-cli) > test-compile @ my-batch-project >>>
[INFO] 
[INFO] --- maven-resources-plugin:3.3.1:resources (default-resources) @ my-batch-project ---
[INFO] Copying 0 resource from src/main/resources to target/classes
[INFO] Copying 1 resource from src/main/resources to target/classes
[INFO] 
[INFO] --- maven-compiler-plugin:3.10.1:compile (default-compile) @ my-batch-project ---
[INFO] Nothing to compile - all classes are up to date
[INFO] 
[INFO] --- maven-resources-plugin:3.3.1:testResources (default-testResources) @ my-batch-project ---
[INFO] skip non existing resourceDirectory /home/reepoo0528/my-batch-project/src/test/resources
[INFO] 
[INFO] --- maven-compiler-plugin:3.10.1:testCompile (default-testCompile) @ my-batch-project ---
[INFO] Nothing to compile - all classes are up to date
[INFO] 
[INFO] <<< spring-boot-maven-plugin:3.2.12:run (default-cli) < test-compile @ my-batch-project <<<
[INFO] 
[INFO] 
[INFO] --- spring-boot-maven-plugin:3.2.12:run (default-cli) @ my-batch-project ---
[INFO] Attaching agents: []

  .   ____          _            __ _ _
 /\\ / ___'_ __ _ _(_)_ __  __ _ \ \ \ \
( ( )\___ | '_ | '_| | '_ \/ _` | \ \ \ \
 \\/  ___)| |_)| | | | | || (_| |  ) ) ) )
  '  |____| .__|_| |_|_| |_\__, | / / / /
 =========|_|==============|___/=/_/_/_/
 :: Spring Boot ::               (v3.2.12)

2025-12-30T11:59:19.613+09:00  INFO 70355 --- [           main] com.example.batch.WebApplication         : Starting WebApplication using Java 17.0.17 with PID 70355 (/home/reepoo0528/my-batch-project/target/classes started by reepoo0528 in /home/reepoo0528/my-batch-project)
2025-12-30T11:59:19.615+09:00  INFO 70355 --- [           main] com.example.batch.WebApplication         : No active profile set, falling back to 1 default profile: "default"
2025-12-30T11:59:20.182+09:00  INFO 70355 --- [           main] o.s.b.w.embedded.tomcat.TomcatWebServer  : Tomcat initialized with port 8080 (http)
2025-12-30T11:59:20.189+09:00  INFO 70355 --- [           main] o.apache.catalina.core.StandardService   : Starting service [Tomcat]
2025-12-30T11:59:20.190+09:00  INFO 70355 --- [           main] o.apache.catalina.core.StandardEngine    : Starting Servlet engine: [Apache Tomcat/10.1.33]
2025-12-30T11:59:20.218+09:00  INFO 70355 --- [           main] o.a.c.c.C.[Tomcat].[localhost].[/]       : Initializing Spring embedded WebApplicationContext
2025-12-30T11:59:20.219+09:00  INFO 70355 --- [           main] w.s.c.ServletWebServerApplicationContext : Root WebApplicationContext: initialization completed in 578 ms
2025-12-30T11:59:20.467+09:00  INFO 70355 --- [           main] o.s.b.w.embedded.tomcat.TomcatWebServer  : Tomcat started on port 8080 (http) with context path ''
2025-12-30T11:59:20.473+09:00  INFO 70355 --- [           main] com.example.batch.WebApplication         : Started WebApplication in 1.059 seconds (process running for 1.223)
2025-12-30T11:59:24.695+09:00  INFO 70355 --- [nio-8080-exec-1] o.a.c.c.C.[Tomcat].[localhost].[/]       : Initializing Spring DispatcherServlet 'dispatcherServlet'
2025-12-30T11:59:24.696+09:00  INFO 70355 --- [nio-8080-exec-1] o.s.web.servlet.DispatcherServlet        : Initializing Servlet 'dispatcherServlet'
2025-12-30T11:59:24.696+09:00  INFO 70355 --- [nio-8080-exec-1] o.s.web.servlet.DispatcherServlet        : Completed initialization in 0 ms
